<?xml version="1.0" encoding="UTF-8"?>
<!-- Generated by org.testng.reporters.JUnitReportReporter -->
<testsuite skipped="0" hostname="NDATSTNPC068" name="screenshot.Login" tests="1" failures="0" timestamp="20 Jul 2018 05:13:03 GMT" time="22.957" errors="0">
  <testcase name="loginToOEM" time="22.957" classname="screenshot.Login"/>
</testsuite> <!-- screenshot.Login -->
